c:\users\vantan\documents\atelier\children\acecontact\debug\acecontact.pch
c:\users\vantan\documents\atelier\children\acecontact\debug\vc141.pdb
c:\users\vantan\documents\atelier\children\acecontact\debug\vc141.idb
c:\users\vantan\documents\atelier\children\acecontact\debug\dxut.obj
c:\users\vantan\documents\atelier\children\acecontact\debug\sdkmesh.obj
c:\users\vantan\documents\atelier\children\acecontact\debug\dxutsettingsdlg.obj
c:\users\vantan\documents\atelier\children\acecontact\debug\dxutres.obj
c:\users\vantan\documents\atelier\children\acecontact\debug\dxutgui.obj
c:\users\vantan\documents\atelier\children\acecontact\debug\dxutcamera.obj
c:\users\vantan\documents\atelier\children\acecontact\debug\dxutmisc.obj
c:\users\vantan\documents\atelier\children\acecontact\debug\dxutenum.obj
c:\users\vantan\documents\atelier\children\acecontact\debug\t2k_support.obj
c:\users\vantan\documents\atelier\children\acecontact\debug\graphicsmanager.obj
c:\users\vantan\documents\atelier\children\acecontact\debug\camera.obj
c:\users\vantan\documents\atelier\children\acecontact\debug\player.obj
c:\users\vantan\documents\atelier\children\acecontact\debug\enemy_01.obj
c:\users\vantan\documents\atelier\children\acecontact\debug\bullet.obj
c:\users\vantan\documents\atelier\children\acecontact\debug\gameobjectmanager.obj
c:\users\vantan\documents\atelier\children\acecontact\debug\gameobject.obj
c:\users\vantan\documents\atelier\children\acecontact\debug\gamecamera.obj
c:\users\vantan\documents\atelier\children\acecontact\debug\sdkwavefile.obj
c:\users\vantan\documents\atelier\children\acecontact\debug\sdksound.obj
c:\users\vantan\documents\atelier\children\acecontact\debug\projectcore.obj
c:\users\vantan\documents\atelier\children\acecontact\debug\sdkmisc.obj
c:\users\vantan\documents\atelier\children\acecontact\debug\renderingobject.obj
c:\users\vantan\documents\atelier\children\acecontact\debug\mesh.obj
c:\users\vantan\documents\atelier\children\acecontact\debug\acecontact.ilk
c:\users\vantan\documents\atelier\children\acecontact\debug\acecontact.exe
c:\users\vantan\documents\atelier\children\acecontact\debug\acecontact.pdb
c:\users\vantan\documents\atelier\children\acecontact\debug\emptyproject.res
c:\users\vantan\documents\atelier\children\acecontact\debug\acecontact.tlog\cl.command.1.tlog
c:\users\vantan\documents\atelier\children\acecontact\debug\acecontact.tlog\cl.read.1.tlog
c:\users\vantan\documents\atelier\children\acecontact\debug\acecontact.tlog\cl.write.1.tlog
c:\users\vantan\documents\atelier\children\acecontact\debug\acecontact.tlog\link.command.1.tlog
c:\users\vantan\documents\atelier\children\acecontact\debug\acecontact.tlog\link.read.1.tlog
c:\users\vantan\documents\atelier\children\acecontact\debug\acecontact.tlog\link.write.1.tlog
c:\users\vantan\documents\atelier\children\acecontact\debug\acecontact.tlog\rc.command.1.tlog
c:\users\vantan\documents\atelier\children\acecontact\debug\acecontact.tlog\rc.read.1.tlog
c:\users\vantan\documents\atelier\children\acecontact\debug\acecontact.tlog\rc.write.1.tlog
